# JRE version: Java(TM) SE Runtime Environment (8.0_112-b15) (build 1.8.0_112-b15)
# Java VM: Java HotSpot(TM) 64-Bit Server VM (25.112-b15 mixed mode windows-amd64 compressed oops)
Heap:
 PSYoungGen      total 104960K, used 66814K [0x00000000eb000000, 0x00000000f2180000, 0x0000000100000000)
  eden space 96768K, 60% used [0x00000000eb000000,0x00000000ee940220,0x00000000f0e80000)
  from space 8192K, 99% used [0x00000000f1900000,0x00000000f20ff7d8,0x00000000f2100000)
  to   space 9728K, 0% used [0x00000000f0e80000,0x00000000f0e80000,0x00000000f1800000)
 ParOldGen       total 39424K, used 11431K [0x00000000c1000000, 0x00000000c3680000, 0x00000000eb000000)
  object space 39424K, 28% used [0x00000000c1000000,0x00000000c1b29e28,0x00000000c3680000)
 Metaspace       used 32498K, capacity 32776K, committed 33024K, reserved 1079296K
  class space    used 3996K, capacity 4093K, committed 4096K, reserved 1048576K
GC Heap History (10 events):
Event: 3.153 GC heap before
{Heap before GC invocations=5 (full 0):
 PSYoungGen      total 35328K, used 35296K [0x00000000eb000000, 0x00000000ed500000, 0x0000000100000000)
  eden space 32768K, 100% used [0x00000000eb000000,0x00000000ed000000,0x00000000ed000000)
  from space 2560K, 98% used [0x00000000ed280000,0x00000000ed4f8030,0x00000000ed500000)
  to   space 2560K, 0% used [0x00000000ed000000,0x00000000ed000000,0x00000000ed280000)
 ParOldGen       total 44032K, used 10550K [0x00000000c1000000, 0x00000000c3b00000, 0x00000000eb000000)
  object space 44032K, 23% used [0x00000000c1000000,0x00000000c1a4d8b8,0x00000000c3b00000)
 Metaspace       used 20620K, capacity 20894K, committed 21120K, reserved 1067008K
  class space    used 2522K, capacity 2602K, committed 2688K, reserved 1048576K
Event: 3.165 GC heap after
Heap after GC invocations=5 (full 0):
 PSYoungGen      total 35328K, used 2544K [0x00000000eb000000, 0x00000000f0000000, 0x0000000100000000)
  eden space 32768K, 0% used [0x00000000eb000000,0x00000000eb000000,0x00000000ed000000)
  from space 2560K, 99% used [0x00000000ed000000,0x00000000ed27c010,0x00000000ed280000)
  to   space 8192K, 0% used [0x00000000ef800000,0x00000000ef800000,0x00000000f0000000)
 ParOldGen       total 44032K, used 13732K [0x00000000c1000000, 0x00000000c3b00000, 0x00000000eb000000)
  object space 44032K, 31% used [0x00000000c1000000,0x00000000c1d693f0,0x00000000c3b00000)
 Metaspace       used 20620K, capacity 20894K, committed 21120K, reserved 1067008K
  class space    used 2522K, capacity 2602K, committed 2688K, reserved 1048576K
}
Event: 3.358 GC heap before
{Heap before GC invocations=6 (full 0):
 PSYoungGen      total 35328K, used 17800K [0x00000000eb000000, 0x00000000f0000000, 0x0000000100000000)
  eden space 32768K, 46% used [0x00000000eb000000,0x00000000ebee63b8,0x00000000ed000000)
  from space 2560K, 99% used [0x00000000ed000000,0x00000000ed27c010,0x00000000ed280000)
  to   space 8192K, 0% used [0x00000000ef800000,0x00000000ef800000,0x00000000f0000000)
 ParOldGen       total 44032K, used 13732K [0x00000000c1000000, 0x00000000c3b00000, 0x00000000eb000000)
  object space 44032K, 31% used [0x00000000c1000000,0x00000000c1d693f0,0x00000000c3b00000)
 Metaspace       used 21003K, capacity 21188K, committed 21296K, reserved 1069056K
  class space    used 2567K, capacity 2635K, committed 2688K, reserved 1048576K
Event: 3.384 GC heap after
Heap after GC invocations=6 (full 0):
 PSYoungGen      total 73728K, used 3463K [0x00000000eb000000, 0x00000000f0000000, 0x0000000100000000)
  eden space 65536K, 0% used [0x00000000eb000000,0x00000000eb000000,0x00000000ef000000)
  from space 8192K, 42% used [0x00000000ef800000,0x00000000efb61cb8,0x00000000f0000000)
  to   space 8192K, 0% used [0x00000000ef000000,0x00000000ef000000,0x00000000ef800000)
 ParOldGen       total 44032K, used 13740K [0x00000000c1000000, 0x00000000c3b00000, 0x00000000eb000000)
  object space 44032K, 31% used [0x00000000c1000000,0x00000000c1d6b3f0,0x00000000c3b00000)
 Metaspace       used 21003K, capacity 21188K, committed 21296K, reserved 1069056K
  class space    used 2567K, capacity 2635K, committed 2688K, reserved 1048576K
}
Event: 3.384 GC heap before
{Heap before GC invocations=7 (full 1):
 PSYoungGen      total 73728K, used 3463K [0x00000000eb000000, 0x00000000f0000000, 0x0000000100000000)
  eden space 65536K, 0% used [0x00000000eb000000,0x00000000eb000000,0x00000000ef000000)
  from space 8192K, 42% used [0x00000000ef800000,0x00000000efb61cb8,0x00000000f0000000)
  to   space 8192K, 0% used [0x00000000ef000000,0x00000000ef000000,0x00000000ef800000)
 ParOldGen       total 44032K, used 13740K [0x00000000c1000000, 0x00000000c3b00000, 0x00000000eb000000)
  object space 44032K, 31% used [0x00000000c1000000,0x00000000c1d6b3f0,0x00000000c3b00000)
 Metaspace       used 21003K, capacity 21188K, committed 21296K, reserved 1069056K
  class space    used 2567K, capacity 2635K, committed 2688K, reserved 1048576K
Event: 3.500 GC heap after
Heap after GC invocations=7 (full 1):
 PSYoungGen      total 73728K, used 0K [0x00000000eb000000, 0x00000000f0000000, 0x0000000100000000)
  eden space 65536K, 0% used [0x00000000eb000000,0x00000000eb000000,0x00000000ef000000)
  from space 8192K, 0% used [0x00000000ef800000,0x00000000ef800000,0x00000000f0000000)
  to   space 8192K, 0% used [0x00000000ef000000,0x00000000ef000000,0x00000000ef800000)
 ParOldGen       total 39424K, used 9893K [0x00000000c1000000, 0x00000000c3680000, 0x00000000eb000000)
  object space 39424K, 25% used [0x00000000c1000000,0x00000000c19a9658,0x00000000c3680000)
 Metaspace       used 21003K, capacity 21188K, committed 21296K, reserved 1069056K
  class space    used 2567K, capacity 2635K, committed 2688K, reserved 1048576K
}
Event: 5.100 GC heap before
{Heap before GC invocations=8 (full 1):
 PSYoungGen      total 73728K, used 65536K [0x00000000eb000000, 0x00000000f0000000, 0x0000000100000000)
  eden space 65536K, 100% used [0x00000000eb000000,0x00000000ef000000,0x00000000ef000000)
  from space 8192K, 0% used [0x00000000ef800000,0x00000000ef800000,0x00000000f0000000)
  to   space 8192K, 0% used [0x00000000ef000000,0x00000000ef000000,0x00000000ef800000)
 ParOldGen       total 39424K, used 9893K [0x00000000c1000000, 0x00000000c3680000, 0x00000000eb000000)
  object space 39424K, 25% used [0x00000000c1000000,0x00000000c19a9658,0x00000000c3680000)
 Metaspace       used 25039K, capacity 25294K, committed 25472K, reserved 1071104K
  class space    used 3098K, capacity 3186K, committed 3200K, reserved 1048576K
Event: 5.114 GC heap after
Heap after GC invocations=8 (full 1):
 PSYoungGen      total 73728K, used 6159K [0x00000000eb000000, 0x00000000f2100000, 0x0000000100000000)
  eden space 65536K, 0% used [0x00000000eb000000,0x00000000eb000000,0x00000000ef000000)
  from space 8192K, 75% used [0x00000000ef000000,0x00000000ef603c88,0x00000000ef800000)
  to   space 8192K, 0% used [0x00000000f1900000,0x00000000f1900000,0x00000000f2100000)
 ParOldGen       total 39424K, used 9893K [0x00000000c1000000, 0x00000000c3680000, 0x00000000eb000000)
  object space 39424K, 25% used [0x00000000c1000000,0x00000000c19a9658,0x00000000c3680000)
 Metaspace       used 25039K, capacity 25294K, committed 25472K, reserved 1071104K
  class space    used 3098K, capacity 3186K, committed 3200K, reserved 1048576K
}
Event: 6.882 GC heap before
{Heap before GC invocations=9 (full 1):
 PSYoungGen      total 73728K, used 71695K [0x00000000eb000000, 0x00000000f2100000, 0x0000000100000000)
  eden space 65536K, 100% used [0x00000000eb000000,0x00000000ef000000,0x00000000ef000000)
  from space 8192K, 75% used [0x00000000ef000000,0x00000000ef603c88,0x00000000ef800000)
  to   space 8192K, 0% used [0x00000000f1900000,0x00000000f1900000,0x00000000f2100000)
 ParOldGen       total 39424K, used 9893K [0x00000000c1000000, 0x00000000c3680000, 0x00000000eb000000)
  object space 39424K, 25% used [0x00000000c1000000,0x00000000c19a9658,0x00000000c3680000)
 Metaspace       used 28619K, capacity 28952K, committed 29312K, reserved 1075200K
  class space    used 3518K, capacity 3609K, committed 3712K, reserved 1048576K
Event: 6.908 GC heap after
Heap after GC invocations=9 (full 1):
 PSYoungGen      total 104960K, used 8189K [0x00000000eb000000, 0x00000000f2180000, 0x0000000100000000)
  eden space 96768K, 0% used [0x00000000eb000000,0x00000000eb000000,0x00000000f0e80000)
  from space 8192K, 99% used [0x00000000f1900000,0x00000000f20ff7d8,0x00000000f2100000)
  to   space 9728K, 0% used [0x00000000f0e80000,0x00000000f0e80000,0x00000000f1800000)
 ParOldGen       total 39424K, used 11431K [0x00000000c1000000, 0x00000000c3680000, 0x00000000eb000000)
  object space 39424K, 28% used [0x00000000c1000000,0x00000000c1b29e28,0x00000000c3680000)
 Metaspace       used 28619K, capacity 28952K, committed 29312K, reserved 1075200K
  class space    used 3518K, capacity 3609K, committed 3712K, reserved 1048576K
}

